<?xml version="1.0" encoding="UTF-8"?>
<!-- Generated by org.testng.reporters.JUnitReportReporter -->
<testsuite hostname="LAPTOP-M5DNE445" failures="0" tests="3" name="Test01" time="2.348" errors="0" timestamp="2020-07-19T18:01:48 IST" skipped="0">
  <testcase classname="Test01" name="test_01" time="1.538"/>
  <system-out/>
  <testcase classname="Test01" name="test_02" time="0.382"/>
  <system-out/>
  <testcase classname="Test01" name="test_03" time="0.428"/>
  <system-out/>
</testsuite> <!-- Test01 -->
